--------------------------------- Read TF jobs from: /home/jxlai/project/Muri/cluster_exp/trace-data/cluster_trace.csv ---------------------------------
    we get the following fields:
        ['job_id', 'num_gpu', 'submit_time', 'iterations', 'model_name', 'batch_size', 'duration', 'interval', 'iteration_time', 'resource_time_0', 'resource_time_1', 'resource_time_2', 'priority']
No model match, pick inception3
No model match, pick inception3
No model match, pick inception3
No model match, pick inception3
No model match, pick inception3
No model match, pick inception3
No model match, pick inception3
No model match, pick inception3
No model match, pick inception3
No model match, pick inception3
No model match, pick inception3
No model match, pick inception3
No model match, pick inception3
No model match, pick inception3
No model match, pick inception3
No model match, pick inception3
No model match, pick inception3
No model match, pick inception3
No model match, pick inception3
No model match, pick inception3
No model match, pick inception3
No model match, pick inception3
No model match, pick inception3
No model match, pick inception3
No model match, pick inception3
No model match, pick inception3
No model match, pick inception3
No model match, pick inception3
No model match, pick inception3
No model match, pick inception3
No model match, pick inception3
No model match, pick inception3
No model match, pick inception3
No model match, pick inception3
No model match, pick inception3
No model match, pick inception3
No model match, pick inception3
No model match, pick inception3
No model match, pick inception3
No model match, pick inception3
No model match, pick inception3
No model match, pick inception3
No model match, pick inception3
No model match, pick inception3
No model match, pick inception3
No model match, pick inception3
No model match, pick inception3
No model match, pick inception3
No model match, pick inception3
No model match, pick inception3
No model match, pick inception3
No model match, pick inception3
No model match, pick inception3
No model match, pick inception3
No model match, pick inception3
No model match, pick inception3
No model match, pick inception3
No model match, pick inception3
No model match, pick inception3
No model match, pick inception3
No model match, pick inception3
No model match, pick inception3
No model match, pick inception3
No model match, pick inception3
No model match, pick inception3
No model match, pick inception3
No model match, pick inception3
No model match, pick inception3
No model match, pick inception3
No model match, pick inception3
No model match, pick inception3
No model match, pick inception3
No model match, pick inception3
No model match, pick inception3
No model match, pick inception3
No model match, pick inception3
No model match, pick inception3
No model match, pick inception3
No model match, pick inception3
No model match, pick inception3
No model match, pick inception3
No model match, pick inception3
No model match, pick inception3
No model match, pick inception3
No model match, pick inception3
No model match, pick inception3
No model match, pick inception3
No model match, pick inception3
No model match, pick inception3
No model match, pick inception3
No model match, pick inception3
No model match, pick inception3
No model match, pick inception3
No model match, pick inception3
No model match, pick inception3
No model match, pick inception3
No model match, pick inception3
No model match, pick inception3
No model match, pick inception3
No model match, pick inception3
No model match, pick inception3
No model match, pick inception3
No model match, pick inception3
No model match, pick inception3
No model match, pick inception3
No model match, pick inception3
No model match, pick inception3
No model match, pick inception3
No model match, pick inception3
No model match, pick inception3
No model match, pick inception3
No model match, pick inception3
No model match, pick inception3
No model match, pick inception3
No model match, pick inception3
No model match, pick inception3
No model match, pick inception3
No model match, pick inception3
No model match, pick inception3
No model match, pick inception3
No model match, pick inception3
No model match, pick inception3
No model match, pick inception3
No model match, pick inception3
No model match, pick inception3
No model match, pick inception3
No model match, pick inception3
No model match, pick inception3
No model match, pick inception3
No model match, pick inception3
No model match, pick inception3
No model match, pick inception3
No model match, pick inception3
No model match, pick inception3
No model match, pick inception3
No model match, pick inception3
No model match, pick inception3
No model match, pick inception3
No model match, pick inception3
No model match, pick inception3
No model match, pick inception3
No model match, pick inception3
No model match, pick inception3
No model match, pick inception3
No model match, pick inception3
No model match, pick inception3
No model match, pick inception3
No model match, pick inception3
No model match, pick inception3
No model match, pick inception3
No model match, pick inception3
No model match, pick inception3
No model match, pick inception3
No model match, pick inception3
No model match, pick inception3
No model match, pick inception3
No model match, pick inception3
No model match, pick inception3
No model match, pick inception3
No model match, pick inception3
No model match, pick inception3
No model match, pick inception3
No model match, pick inception3
No model match, pick inception3
No model match, pick inception3
No model match, pick inception3
No model match, pick inception3
No model match, pick inception3
No model match, pick inception3
No model match, pick inception3
No model match, pick inception3
No model match, pick inception3
No model match, pick inception3
No model match, pick inception3
No model match, pick inception3
No model match, pick inception3
No model match, pick inception3
No model match, pick inception3
No model match, pick inception3
No model match, pick inception3
No model match, pick inception3
No model match, pick inception3
No model match, pick inception3
No model match, pick inception3
No model match, pick inception3
No model match, pick inception3
No model match, pick inception3
No model match, pick inception3
No model match, pick inception3
No model match, pick inception3
No model match, pick inception3
No model match, pick inception3
No model match, pick inception3
No model match, pick inception3
No model match, pick inception3
No model match, pick inception3
No model match, pick inception3
No model match, pick inception3
No model match, pick inception3
No model match, pick inception3
No model match, pick inception3
No model match, pick inception3
No model match, pick inception3
No model match, pick inception3
No model match, pick inception3
No model match, pick inception3
No model match, pick inception3
No model match, pick inception3
No model match, pick inception3
No model match, pick inception3
No model match, pick inception3
No model match, pick inception3
No model match, pick inception3
   Jobs are sorted with their start time
---------------------------------- Get 312 TF jobs in total ----------------------------------
/home/jxlai/project/Muri/cluster_exp/cluster_specs/n8g8.csv
['num_switch', 'num_node_p_switch', 'num_gpu_p_node', 'num_cpu_p_node', 'mem_p_node']
num_switch: 1
num_node_p_switch: 8
num_gpu_p_node: 8
num_cpu_p_node: 92
mem_p_node: 350
  Switch[0] has 8 nodes
    Node[0] has 8 gpus, 92 cpus, 350 G memory
    Node[1] has 8 gpus, 92 cpus, 350 G memory
    Node[2] has 8 gpus, 92 cpus, 350 G memory
    Node[3] has 8 gpus, 92 cpus, 350 G memory
    Node[4] has 8 gpus, 92 cpus, 350 G memory
    Node[5] has 8 gpus, 92 cpus, 350 G memory
    Node[6] has 8 gpus, 92 cpus, 350 G memory
    Node[7] has 8 gpus, 92 cpus, 350 G memory
Cluster is ready to use
Custer Spec
#ofswitch: 1, #ofnode: 8, #ofgpu: 64, #ofcpu: 736, #ofmem: 2800
#ofnode/switch: 8, #ofgpu/node: 8, #ofcpu/node: 92, #ofmem/node: 350
--------------------------------- End of cluster spec ---------------------------------
/home/jxlai/project/Muri/cluster_exp/results/n8g8jcluster_tracep4si360ff60/dlas-gpu-yarn-4
 
